[2024-06-29 02:42:00] local.ERROR: Route [login] not defined. {"exception":"[object] (Symfony\\Component\\Routing\\Exception\\RouteNotFoundException(code: 0): Route [login] not defined. at /home/dharshan/farmerapp/vendor/laravel/framework/src/Illuminate/Routing/UrlGenerator.php:477)
[stacktrace]
#0 /home/dharshan/farmerapp/vendor/laravel/framework/src/Illuminate/Foundation/helpers.php(811): Illuminate\\Routing\\UrlGenerator->route()
#1 /home/dharshan/farmerapp/app/Http/Middleware/Authenticate.php(15): route()
#2 /home/dharshan/farmerapp/vendor/laravel/framework/src/Illuminate/Auth/Middleware/Authenticate.php(96): App\\Http\\Middleware\\Authenticate->redirectTo()
#3 /home/dharshan/farmerapp/vendor/laravel/framework/src/Illuminate/Auth/Middleware/Authenticate.php(81): Illuminate\\Auth\\Middleware\\Authenticate->unauthenticated()
#4 /home/dharshan/farmerapp/vendor/laravel/framework/src/Illuminate/Auth/Middleware/Authenticate.php(55): Illuminate\\Auth\\Middleware\\Authenticate->authenticate()
#5 /home/dharshan/farmerapp/vendor/laravel/framework/src/Illuminate/Pipeline/Pipeline.php(183): Illuminate\\Auth\\Middleware\\Authenticate->handle()
#6 /home/dharshan/farmerapp/vendor/laravel/framework/src/Illuminate/Pipeline/Pipeline.php(119): Illuminate\\Pipeline\\Pipeline->Illuminate\\Pipeline\\{closure}()
#7 /home/dharshan/farmerapp/vendor/laravel/framework/src/Illuminate/Routing/Router.php(807): Illuminate\\Pipeline\\Pipeline->then()
#8 /home/dharshan/farmerapp/vendor/laravel/framework/src/Illuminate/Routing/Router.php(784): Illuminate\\Routing\\Router->runRouteWithinStack()
#9 /home/dharshan/farmerapp/vendor/laravel/framework/src/Illuminate/Routing/Router.php(748): Illuminate\\Routing\\Router->runRoute()
#10 /home/dharshan/farmerapp/vendor/laravel/framework/src/Illuminate/Routing/Router.php(737): Illuminate\\Routing\\Router->dispatchToRoute()
#11 /home/dharshan/farmerapp/vendor/laravel/framework/src/Illuminate/Foundation/Http/Kernel.php(200): Illuminate\\Routing\\Router->dispatch()
#12 /home/dharshan/farmerapp/vendor/laravel/framework/src/Illuminate/Pipeline/Pipeline.php(144): Illuminate\\Foundation\\Http\\Kernel->Illuminate\\Foundation\\Http\\{closure}()
#13 /home/dharshan/farmerapp/vendor/laravel/framework/src/Illuminate/Foundation/Http/Middleware/TransformsRequest.php(21): Illuminate\\Pipeline\\Pipeline->Illuminate\\Pipeline\\{closure}()
#14 /home/dharshan/farmerapp/vendor/laravel/framework/src/Illuminate/Foundation/Http/Middleware/ConvertEmptyStringsToNull.php(31): Illuminate\\Foundation\\Http\\Middleware\\TransformsRequest->handle()
#15 /home/dharshan/farmerapp/vendor/laravel/framework/src/Illuminate/Pipeline/Pipeline.php(183): Illuminate\\Foundation\\Http\\Middleware\\ConvertEmptyStringsToNull->handle()
#16 /home/dharshan/farmerapp/vendor/laravel/framework/src/Illuminate/Foundation/Http/Middleware/TransformsRequest.php(21): Illuminate\\Pipeline\\Pipeline->Illuminate\\Pipeline\\{closure}()
#17 /home/dharshan/farmerapp/vendor/laravel/framework/src/Illuminate/Foundation/Http/Middleware/TrimStrings.php(40): Illuminate\\Foundation\\Http\\Middleware\\TransformsRequest->handle()
#18 /home/dharshan/farmerapp/vendor/laravel/framework/src/Illuminate/Pipeline/Pipeline.php(183): Illuminate\\Foundation\\Http\\Middleware\\TrimStrings->handle()
#19 /home/dharshan/farmerapp/vendor/laravel/framework/src/Illuminate/Foundation/Http/Middleware/ValidatePostSize.php(27): Illuminate\\Pipeline\\Pipeline->Illuminate\\Pipeline\\{closure}()
#20 /home/dharshan/farmerapp/vendor/laravel/framework/src/Illuminate/Pipeline/Pipeline.php(183): Illuminate\\Foundation\\Http\\Middleware\\ValidatePostSize->handle()
#21 /home/dharshan/farmerapp/vendor/laravel/framework/src/Illuminate/Foundation/Http/Middleware/PreventRequestsDuringMaintenance.php(99): Illuminate\\Pipeline\\Pipeline->Illuminate\\Pipeline\\{closure}()
#22 /home/dharshan/farmerapp/vendor/laravel/framework/src/Illuminate/Pipeline/Pipeline.php(183): Illuminate\\Foundation\\Http\\Middleware\\PreventRequestsDuringMaintenance->handle()
#23 /home/dharshan/farmerapp/vendor/laravel/framework/src/Illuminate/Http/Middleware/HandleCors.php(62): Illuminate\\Pipeline\\Pipeline->Illuminate\\Pipeline\\{closure}()
#24 /home/dharshan/farmerapp/vendor/laravel/framework/src/Illuminate/Pipeline/Pipeline.php(183): Illuminate\\Http\\Middleware\\HandleCors->handle()
#25 /home/dharshan/farmerapp/vendor/laravel/framework/src/Illuminate/Http/Middleware/TrustProxies.php(39): Illuminate\\Pipeline\\Pipeline->Illuminate\\Pipeline\\{closure}()
#26 /home/dharshan/farmerapp/vendor/laravel/framework/src/Illuminate/Pipeline/Pipeline.php(183): Illuminate\\Http\\Middleware\\TrustProxies->handle()
#27 /home/dharshan/farmerapp/vendor/laravel/framework/src/Illuminate/Pipeline/Pipeline.php(119): Illuminate\\Pipeline\\Pipeline->Illuminate\\Pipeline\\{closure}()
#28 /home/dharshan/farmerapp/vendor/laravel/framework/src/Illuminate/Foundation/Http/Kernel.php(175): Illuminate\\Pipeline\\Pipeline->then()
#29 /home/dharshan/farmerapp/vendor/laravel/framework/src/Illuminate/Foundation/Http/Kernel.php(144): Illuminate\\Foundation\\Http\\Kernel->sendRequestThroughRouter()
#30 /home/dharshan/farmerapp/public/index.php(52): Illuminate\\Foundation\\Http\\Kernel->handle()
#31 /home/dharshan/farmerapp/vendor/laravel/framework/src/Illuminate/Foundation/resources/server.php(16): require_once('...')
#32 {main}
"} 
[2024-06-29 02:42:14] local.ERROR: Route [login] not defined. {"exception":"[object] (Symfony\\Component\\Routing\\Exception\\RouteNotFoundException(code: 0): Route [login] not defined. at /home/dharshan/farmerapp/vendor/laravel/framework/src/Illuminate/Routing/UrlGenerator.php:477)
[stacktrace]
#0 /home/dharshan/farmerapp/vendor/laravel/framework/src/Illuminate/Foundation/helpers.php(811): Illuminate\\Routing\\UrlGenerator->route()
#1 /home/dharshan/farmerapp/app/Http/Middleware/Authenticate.php(15): route()
#2 /home/dharshan/farmerapp/vendor/laravel/framework/src/Illuminate/Auth/Middleware/Authenticate.php(96): App\\Http\\Middleware\\Authenticate->redirectTo()
#3 /home/dharshan/farmerapp/vendor/laravel/framework/src/Illuminate/Auth/Middleware/Authenticate.php(81): Illuminate\\Auth\\Middleware\\Authenticate->unauthenticated()
#4 /home/dharshan/farmerapp/vendor/laravel/framework/src/Illuminate/Auth/Middleware/Authenticate.php(55): Illuminate\\Auth\\Middleware\\Authenticate->authenticate()
#5 /home/dharshan/farmerapp/vendor/laravel/framework/src/Illuminate/Pipeline/Pipeline.php(183): Illuminate\\Auth\\Middleware\\Authenticate->handle()
#6 /home/dharshan/farmerapp/vendor/laravel/framework/src/Illuminate/Pipeline/Pipeline.php(119): Illuminate\\Pipeline\\Pipeline->Illuminate\\Pipeline\\{closure}()
#7 /home/dharshan/farmerapp/vendor/laravel/framework/src/Illuminate/Routing/Router.php(807): Illuminate\\Pipeline\\Pipeline->then()
#8 /home/dharshan/farmerapp/vendor/laravel/framework/src/Illuminate/Routing/Router.php(784): Illuminate\\Routing\\Router->runRouteWithinStack()
#9 /home/dharshan/farmerapp/vendor/laravel/framework/src/Illuminate/Routing/Router.php(748): Illuminate\\Routing\\Router->runRoute()
#10 /home/dharshan/farmerapp/vendor/laravel/framework/src/Illuminate/Routing/Router.php(737): Illuminate\\Routing\\Router->dispatchToRoute()
#11 /home/dharshan/farmerapp/vendor/laravel/framework/src/Illuminate/Foundation/Http/Kernel.php(200): Illuminate\\Routing\\Router->dispatch()
#12 /home/dharshan/farmerapp/vendor/laravel/framework/src/Illuminate/Pipeline/Pipeline.php(144): Illuminate\\Foundation\\Http\\Kernel->Illuminate\\Foundation\\Http\\{closure}()
#13 /home/dharshan/farmerapp/vendor/laravel/framework/src/Illuminate/Foundation/Http/Middleware/TransformsRequest.php(21): Illuminate\\Pipeline\\Pipeline->Illuminate\\Pipeline\\{closure}()
#14 /home/dharshan/farmerapp/vendor/laravel/framework/src/Illuminate/Foundation/Http/Middleware/ConvertEmptyStringsToNull.php(31): Illuminate\\Foundation\\Http\\Middleware\\TransformsRequest->handle()
#15 /home/dharshan/farmerapp/vendor/laravel/framework/src/Illuminate/Pipeline/Pipeline.php(183): Illuminate\\Foundation\\Http\\Middleware\\ConvertEmptyStringsToNull->handle()
#16 /home/dharshan/farmerapp/vendor/laravel/framework/src/Illuminate/Foundation/Http/Middleware/TransformsRequest.php(21): Illuminate\\Pipeline\\Pipeline->Illuminate\\Pipeline\\{closure}()
#17 /home/dharshan/farmerapp/vendor/laravel/framework/src/Illuminate/Foundation/Http/Middleware/TrimStrings.php(40): Illuminate\\Foundation\\Http\\Middleware\\TransformsRequest->handle()
#18 /home/dharshan/farmerapp/vendor/laravel/framework/src/Illuminate/Pipeline/Pipeline.php(183): Illuminate\\Foundation\\Http\\Middleware\\TrimStrings->handle()
#19 /home/dharshan/farmerapp/vendor/laravel/framework/src/Illuminate/Foundation/Http/Middleware/ValidatePostSize.php(27): Illuminate\\Pipeline\\Pipeline->Illuminate\\Pipeline\\{closure}()
#20 /home/dharshan/farmerapp/vendor/laravel/framework/src/Illuminate/Pipeline/Pipeline.php(183): Illuminate\\Foundation\\Http\\Middleware\\ValidatePostSize->handle()
#21 /home/dharshan/farmerapp/vendor/laravel/framework/src/Illuminate/Foundation/Http/Middleware/PreventRequestsDuringMaintenance.php(99): Illuminate\\Pipeline\\Pipeline->Illuminate\\Pipeline\\{closure}()
#22 /home/dharshan/farmerapp/vendor/laravel/framework/src/Illuminate/Pipeline/Pipeline.php(183): Illuminate\\Foundation\\Http\\Middleware\\PreventRequestsDuringMaintenance->handle()
#23 /home/dharshan/farmerapp/vendor/laravel/framework/src/Illuminate/Http/Middleware/HandleCors.php(62): Illuminate\\Pipeline\\Pipeline->Illuminate\\Pipeline\\{closure}()
#24 /home/dharshan/farmerapp/vendor/laravel/framework/src/Illuminate/Pipeline/Pipeline.php(183): Illuminate\\Http\\Middleware\\HandleCors->handle()
#25 /home/dharshan/farmerapp/vendor/laravel/framework/src/Illuminate/Http/Middleware/TrustProxies.php(39): Illuminate\\Pipeline\\Pipeline->Illuminate\\Pipeline\\{closure}()
#26 /home/dharshan/farmerapp/vendor/laravel/framework/src/Illuminate/Pipeline/Pipeline.php(183): Illuminate\\Http\\Middleware\\TrustProxies->handle()
#27 /home/dharshan/farmerapp/vendor/laravel/framework/src/Illuminate/Pipeline/Pipeline.php(119): Illuminate\\Pipeline\\Pipeline->Illuminate\\Pipeline\\{closure}()
#28 /home/dharshan/farmerapp/vendor/laravel/framework/src/Illuminate/Foundation/Http/Kernel.php(175): Illuminate\\Pipeline\\Pipeline->then()
#29 /home/dharshan/farmerapp/vendor/laravel/framework/src/Illuminate/Foundation/Http/Kernel.php(144): Illuminate\\Foundation\\Http\\Kernel->sendRequestThroughRouter()
#30 /home/dharshan/farmerapp/public/index.php(52): Illuminate\\Foundation\\Http\\Kernel->handle()
#31 /home/dharshan/farmerapp/vendor/laravel/framework/src/Illuminate/Foundation/resources/server.php(16): require_once('...')
#32 {main}
"} 
[2024-06-30 15:33:33] production.ERROR: symlink(): Permission denied {"exception":"[object] (ErrorException(code: 0): symlink(): Permission denied at /var/labsstorage/home/devasri0610sp/htdocs/farmerapp/vendor/laravel/framework/src/Illuminate/Filesystem/Filesystem.php:355)
[stacktrace]
#0 /var/labsstorage/home/devasri0610sp/htdocs/farmerapp/vendor/laravel/framework/src/Illuminate/Foundation/Bootstrap/HandleExceptions.php(255): Illuminate\\Foundation\\Bootstrap\\HandleExceptions->handleError()
#1 [internal function]: Illuminate\\Foundation\\Bootstrap\\HandleExceptions->Illuminate\\Foundation\\Bootstrap\\{closure}()
#2 /var/labsstorage/home/devasri0610sp/htdocs/farmerapp/vendor/laravel/framework/src/Illuminate/Filesystem/Filesystem.php(355): symlink()
#3 /var/labsstorage/home/devasri0610sp/htdocs/farmerapp/vendor/laravel/framework/src/Illuminate/Foundation/Console/StorageLinkCommand.php(49): Illuminate\\Filesystem\\Filesystem->link()
#4 /var/labsstorage/home/devasri0610sp/htdocs/farmerapp/vendor/laravel/framework/src/Illuminate/Container/BoundMethod.php(36): Illuminate\\Foundation\\Console\\StorageLinkCommand->handle()
#5 /var/labsstorage/home/devasri0610sp/htdocs/farmerapp/vendor/laravel/framework/src/Illuminate/Container/Util.php(41): Illuminate\\Container\\BoundMethod::Illuminate\\Container\\{closure}()
#6 /var/labsstorage/home/devasri0610sp/htdocs/farmerapp/vendor/laravel/framework/src/Illuminate/Container/BoundMethod.php(93): Illuminate\\Container\\Util::unwrapIfClosure()
#7 /var/labsstorage/home/devasri0610sp/htdocs/farmerapp/vendor/laravel/framework/src/Illuminate/Container/BoundMethod.php(35): Illuminate\\Container\\BoundMethod::callBoundMethod()
#8 /var/labsstorage/home/devasri0610sp/htdocs/farmerapp/vendor/laravel/framework/src/Illuminate/Container/Container.php(662): Illuminate\\Container\\BoundMethod::call()
#9 /var/labsstorage/home/devasri0610sp/htdocs/farmerapp/vendor/laravel/framework/src/Illuminate/Console/Command.php(211): Illuminate\\Container\\Container->call()
#10 /var/labsstorage/home/devasri0610sp/htdocs/farmerapp/vendor/symfony/console/Command/Command.php(326): Illuminate\\Console\\Command->execute()
#11 /var/labsstorage/home/devasri0610sp/htdocs/farmerapp/vendor/laravel/framework/src/Illuminate/Console/Command.php(180): Symfony\\Component\\Console\\Command\\Command->run()
#12 /var/labsstorage/home/devasri0610sp/htdocs/farmerapp/vendor/symfony/console/Application.php(1096): Illuminate\\Console\\Command->run()
#13 /var/labsstorage/home/devasri0610sp/htdocs/farmerapp/vendor/symfony/console/Application.php(324): Symfony\\Component\\Console\\Application->doRunCommand()
#14 /var/labsstorage/home/devasri0610sp/htdocs/farmerapp/vendor/symfony/console/Application.php(175): Symfony\\Component\\Console\\Application->doRun()
#15 /var/labsstorage/home/devasri0610sp/htdocs/farmerapp/vendor/laravel/framework/src/Illuminate/Foundation/Console/Kernel.php(201): Symfony\\Component\\Console\\Application->run()
#16 /var/labsstorage/home/devasri0610sp/htdocs/farmerapp/artisan(35): Illuminate\\Foundation\\Console\\Kernel->handle()
#17 {main}
"} 
[2024-07-01 06:54:52] production.ERROR: Command "config:clearphp" is not defined.

Did you mean one of these?
    config:cache
    config:clear
    config:show {"exception":"[object] (Symfony\\Component\\Console\\Exception\\CommandNotFoundException(code: 0): Command \"config:clearphp\" is not defined.

Did you mean one of these?
    config:cache
    config:clear
    config:show at /var/labsstorage/home/devasri0610sp/htdocs/farmerapp/vendor/symfony/console/Application.php:737)
[stacktrace]
#0 /var/labsstorage/home/devasri0610sp/htdocs/farmerapp/vendor/symfony/console/Application.php(266): Symfony\\Component\\Console\\Application->find()
#1 /var/labsstorage/home/devasri0610sp/htdocs/farmerapp/vendor/symfony/console/Application.php(175): Symfony\\Component\\Console\\Application->doRun()
#2 /var/labsstorage/home/devasri0610sp/htdocs/farmerapp/vendor/laravel/framework/src/Illuminate/Foundation/Console/Kernel.php(201): Symfony\\Component\\Console\\Application->run()
#3 /var/labsstorage/home/devasri0610sp/htdocs/farmerapp/artisan(35): Illuminate\\Foundation\\Console\\Kernel->handle()
#4 {main}
"} 
[2024-07-01 06:58:02] production.ERROR: fopen(/var/labsstorage/home/devasri0610sp/htdocs/farmerapp/storage/framework/cache/data/bd/11/bd11b1bd2329b23432d0f6056da557487f6f0fe3): Failed to open stream: Permission denied {"exception":"[object] (ErrorException(code: 0): fopen(/var/labsstorage/home/devasri0610sp/htdocs/farmerapp/storage/framework/cache/data/bd/11/bd11b1bd2329b23432d0f6056da557487f6f0fe3): Failed to open stream: Permission denied at /var/labsstorage/home/devasri0610sp/htdocs/farmerapp/vendor/laravel/framework/src/Illuminate/Filesystem/LockableFile.php:69)
[stacktrace]
#0 /var/labsstorage/home/devasri0610sp/htdocs/farmerapp/vendor/laravel/framework/src/Illuminate/Foundation/Bootstrap/HandleExceptions.php(255): Illuminate\\Foundation\\Bootstrap\\HandleExceptions->handleError()
#1 [internal function]: Illuminate\\Foundation\\Bootstrap\\HandleExceptions->Illuminate\\Foundation\\Bootstrap\\{closure}()
#2 /var/labsstorage/home/devasri0610sp/htdocs/farmerapp/vendor/laravel/framework/src/Illuminate/Filesystem/LockableFile.php(69): fopen()
#3 /var/labsstorage/home/devasri0610sp/htdocs/farmerapp/vendor/laravel/framework/src/Illuminate/Filesystem/LockableFile.php(42): Illuminate\\Filesystem\\LockableFile->createResource()
#4 /var/labsstorage/home/devasri0610sp/htdocs/farmerapp/vendor/laravel/framework/src/Illuminate/Cache/FileStore.php(108): Illuminate\\Filesystem\\LockableFile->__construct()
#5 /var/labsstorage/home/devasri0610sp/htdocs/farmerapp/vendor/laravel/framework/src/Illuminate/Cache/Repository.php(317): Illuminate\\Cache\\FileStore->add()
#6 /var/labsstorage/home/devasri0610sp/htdocs/farmerapp/vendor/laravel/framework/src/Illuminate/Cache/RateLimiter.php(131): Illuminate\\Cache\\Repository->add()
#7 /var/labsstorage/home/devasri0610sp/htdocs/farmerapp/vendor/laravel/framework/src/Illuminate/Cache/RateLimiter.php(116): Illuminate\\Cache\\RateLimiter->increment()
#8 /var/labsstorage/home/devasri0610sp/htdocs/farmerapp/vendor/laravel/framework/src/Illuminate/Routing/Middleware/ThrottleRequests.php(156): Illuminate\\Cache\\RateLimiter->hit()
#9 /var/labsstorage/home/devasri0610sp/htdocs/farmerapp/vendor/laravel/framework/src/Illuminate/Routing/Middleware/ThrottleRequests.php(125): Illuminate\\Routing\\Middleware\\ThrottleRequests->handleRequest()
#10 /var/labsstorage/home/devasri0610sp/htdocs/farmerapp/vendor/laravel/framework/src/Illuminate/Routing/Middleware/ThrottleRequests.php(87): Illuminate\\Routing\\Middleware\\ThrottleRequests->handleRequestUsingNamedLimiter()
#11 /var/labsstorage/home/devasri0610sp/htdocs/farmerapp/vendor/laravel/framework/src/Illuminate/Pipeline/Pipeline.php(183): Illuminate\\Routing\\Middleware\\ThrottleRequests->handle()
#12 /var/labsstorage/home/devasri0610sp/htdocs/farmerapp/vendor/laravel/framework/src/Illuminate/Pipeline/Pipeline.php(119): Illuminate\\Pipeline\\Pipeline->Illuminate\\Pipeline\\{closure}()
#13 /var/labsstorage/home/devasri0610sp/htdocs/farmerapp/vendor/laravel/framework/src/Illuminate/Routing/Router.php(805): Illuminate\\Pipeline\\Pipeline->then()
#14 /var/labsstorage/home/devasri0610sp/htdocs/farmerapp/vendor/laravel/framework/src/Illuminate/Routing/Router.php(784): Illuminate\\Routing\\Router->runRouteWithinStack()
#15 /var/labsstorage/home/devasri0610sp/htdocs/farmerapp/vendor/laravel/framework/src/Illuminate/Routing/Router.php(748): Illuminate\\Routing\\Router->runRoute()
#16 /var/labsstorage/home/devasri0610sp/htdocs/farmerapp/vendor/laravel/framework/src/Illuminate/Routing/Router.php(737): Illuminate\\Routing\\Router->dispatchToRoute()
#17 /var/labsstorage/home/devasri0610sp/htdocs/farmerapp/vendor/laravel/framework/src/Illuminate/Foundation/Http/Kernel.php(200): Illuminate\\Routing\\Router->dispatch()
#18 /var/labsstorage/home/devasri0610sp/htdocs/farmerapp/vendor/laravel/framework/src/Illuminate/Pipeline/Pipeline.php(144): Illuminate\\Foundation\\Http\\Kernel->Illuminate\\Foundation\\Http\\{closure}()
#19 /var/labsstorage/home/devasri0610sp/htdocs/farmerapp/vendor/laravel/framework/src/Illuminate/Http/Middleware/HandleCors.php(62): Illuminate\\Pipeline\\Pipeline->Illuminate\\Pipeline\\{closure}()
#20 /var/labsstorage/home/devasri0610sp/htdocs/farmerapp/vendor/laravel/framework/src/Illuminate/Pipeline/Pipeline.php(183): Illuminate\\Http\\Middleware\\HandleCors->handle()
#21 /var/labsstorage/home/devasri0610sp/htdocs/farmerapp/vendor/laravel/framework/src/Illuminate/Foundation/Http/Middleware/TransformsRequest.php(21): Illuminate\\Pipeline\\Pipeline->Illuminate\\Pipeline\\{closure}()
#22 /var/labsstorage/home/devasri0610sp/htdocs/farmerapp/vendor/laravel/framework/src/Illuminate/Foundation/Http/Middleware/ConvertEmptyStringsToNull.php(31): Illuminate\\Foundation\\Http\\Middleware\\TransformsRequest->handle()
#23 /var/labsstorage/home/devasri0610sp/htdocs/farmerapp/vendor/laravel/framework/src/Illuminate/Pipeline/Pipeline.php(183): Illuminate\\Foundation\\Http\\Middleware\\ConvertEmptyStringsToNull->handle()
#24 /var/labsstorage/home/devasri0610sp/htdocs/farmerapp/vendor/laravel/framework/src/Illuminate/Foundation/Http/Middleware/TransformsRequest.php(21): Illuminate\\Pipeline\\Pipeline->Illuminate\\Pipeline\\{closure}()
#25 /var/labsstorage/home/devasri0610sp/htdocs/farmerapp/vendor/laravel/framework/src/Illuminate/Foundation/Http/Middleware/TrimStrings.php(40): Illuminate\\Foundation\\Http\\Middleware\\TransformsRequest->handle()
#26 /var/labsstorage/home/devasri0610sp/htdocs/farmerapp/vendor/laravel/framework/src/Illuminate/Pipeline/Pipeline.php(183): Illuminate\\Foundation\\Http\\Middleware\\TrimStrings->handle()
#27 /var/labsstorage/home/devasri0610sp/htdocs/farmerapp/vendor/laravel/framework/src/Illuminate/Foundation/Http/Middleware/ValidatePostSize.php(27): Illuminate\\Pipeline\\Pipeline->Illuminate\\Pipeline\\{closure}()
#28 /var/labsstorage/home/devasri0610sp/htdocs/farmerapp/vendor/laravel/framework/src/Illuminate/Pipeline/Pipeline.php(183): Illuminate\\Foundation\\Http\\Middleware\\ValidatePostSize->handle()
#29 /var/labsstorage/home/devasri0610sp/htdocs/farmerapp/vendor/laravel/framework/src/Illuminate/Foundation/Http/Middleware/PreventRequestsDuringMaintenance.php(99): Illuminate\\Pipeline\\Pipeline->Illuminate\\Pipeline\\{closure}()
#30 /var/labsstorage/home/devasri0610sp/htdocs/farmerapp/vendor/laravel/framework/src/Illuminate/Pipeline/Pipeline.php(183): Illuminate\\Foundation\\Http\\Middleware\\PreventRequestsDuringMaintenance->handle()
#31 /var/labsstorage/home/devasri0610sp/htdocs/farmerapp/vendor/laravel/framework/src/Illuminate/Http/Middleware/HandleCors.php(62): Illuminate\\Pipeline\\Pipeline->Illuminate\\Pipeline\\{closure}()
#32 /var/labsstorage/home/devasri0610sp/htdocs/farmerapp/vendor/laravel/framework/src/Illuminate/Pipeline/Pipeline.php(183): Illuminate\\Http\\Middleware\\HandleCors->handle()
#33 /var/labsstorage/home/devasri0610sp/htdocs/farmerapp/vendor/laravel/framework/src/Illuminate/Http/Middleware/TrustProxies.php(39): Illuminate\\Pipeline\\Pipeline->Illuminate\\Pipeline\\{closure}()
#34 /var/labsstorage/home/devasri0610sp/htdocs/farmerapp/vendor/laravel/framework/src/Illuminate/Pipeline/Pipeline.php(183): Illuminate\\Http\\Middleware\\TrustProxies->handle()
#35 /var/labsstorage/home/devasri0610sp/htdocs/farmerapp/vendor/laravel/framework/src/Illuminate/Pipeline/Pipeline.php(119): Illuminate\\Pipeline\\Pipeline->Illuminate\\Pipeline\\{closure}()
#36 /var/labsstorage/home/devasri0610sp/htdocs/farmerapp/vendor/laravel/framework/src/Illuminate/Foundation/Http/Kernel.php(175): Illuminate\\Pipeline\\Pipeline->then()
#37 /var/labsstorage/home/devasri0610sp/htdocs/farmerapp/vendor/laravel/framework/src/Illuminate/Foundation/Http/Kernel.php(144): Illuminate\\Foundation\\Http\\Kernel->sendRequestThroughRouter()
#38 /var/labsstorage/home/devasri0610sp/htdocs/farmerapp/public/index.php(51): Illuminate\\Foundation\\Http\\Kernel->handle()
#39 {main}
"} 
